d:\文件文档\项目工程文件\githubrepositorie\lueamengine\lueamengine\lueamengine\x64\debug\vc143.pdb
d:\文件文档\项目工程文件\githubrepositorie\lueamengine\lueamengine\lueamengine\x64\debug\vc143.idb
d:\文件文档\项目工程文件\githubrepositorie\lueamengine\lueamengine\lueamengine\x64\debug\vertexbufferformat.obj
d:\文件文档\项目工程文件\githubrepositorie\lueamengine\lueamengine\lueamengine\x64\debug\vertexbuffer.obj
d:\文件文档\项目工程文件\githubrepositorie\lueamengine\lueamengine\lueamengine\x64\debug\mainloop.obj
d:\文件文档\项目工程文件\githubrepositorie\lueamengine\lueamengine\lueamengine\x64\debug\script.obj
d:\文件文档\项目工程文件\githubrepositorie\lueamengine\lueamengine\lueamengine\x64\debug\main.obj
d:\文件文档\项目工程文件\githubrepositorie\lueamengine\lueamengine\lueamengine\x64\debug\gameobject.obj
d:\文件文档\项目工程文件\githubrepositorie\lueamengine\lueamengine\lueamengine\x64\debug\ustring.obj
d:\文件文档\项目工程文件\githubrepositorie\lueamengine\lueamengine\lueamengine\x64\debug\renderer.obj
d:\文件文档\项目工程文件\githubrepositorie\lueamengine\lueamengine\lueamengine\x64\debug\window.obj
d:\文件文档\项目工程文件\githubrepositorie\lueamengine\lueamengine\lueamengine\x64\debug\vector.obj
d:\文件文档\项目工程文件\githubrepositorie\lueamengine\lueamengine\lueamengine\x64\debug\buffer.obj
d:\文件文档\项目工程文件\githubrepositorie\lueamengine\lueamengine\x64\debug\lueamengine.exe
d:\文件文档\项目工程文件\githubrepositorie\lueamengine\lueamengine\x64\debug\lueamengine.pdb
d:\文件文档\项目工程文件\githubrepositorie\lueamengine\lueamengine\lueamengine\x64\debug\lueamengine.ilk
d:\文件文档\项目工程文件\githubrepositorie\lueamengine\lueamengine\lueamengine\x64\debug\lueamengine.tlog\cl.command.1.tlog
d:\文件文档\项目工程文件\githubrepositorie\lueamengine\lueamengine\lueamengine\x64\debug\lueamengine.tlog\cl.items.tlog
d:\文件文档\项目工程文件\githubrepositorie\lueamengine\lueamengine\lueamengine\x64\debug\lueamengine.tlog\cl.read.1.tlog
d:\文件文档\项目工程文件\githubrepositorie\lueamengine\lueamengine\lueamengine\x64\debug\lueamengine.tlog\cl.write.1.tlog
d:\文件文档\项目工程文件\githubrepositorie\lueamengine\lueamengine\lueamengine\x64\debug\lueamengine.tlog\link.command.1.tlog
d:\文件文档\项目工程文件\githubrepositorie\lueamengine\lueamengine\lueamengine\x64\debug\lueamengine.tlog\link.read.1.tlog
d:\文件文档\项目工程文件\githubrepositorie\lueamengine\lueamengine\lueamengine\x64\debug\lueamengine.tlog\link.secondary.1.tlog
d:\文件文档\项目工程文件\githubrepositorie\lueamengine\lueamengine\lueamengine\x64\debug\lueamengine.tlog\link.write.1.tlog
